<?xml version="1.0" encoding="UTF-8"?>
<!-- Generated by org.testng.reporters.JUnitXMLReporter -->
<testsuite ignored="0" hostname="DESKTOP-FLAOSQM" failures="0" tests="3" name="Default test" time="1.844" errors="0" timestamp="2024-02-02T22:21:58 IST">
  <testcase classname="Test.SeleniumTest" name="ValidateTitles" time="0.95"/>
  <testcase classname="Test.SeleniumTest" name="validateFristFromalShoe" time="0.414"/>
  <testcase classname="Test.SeleniumTest" name="validateFristSportsShoe" time="0.366"/>
</testsuite> <!-- Default test -->
