<?xml version="1.0" encoding="UTF-8"?>
<testng-results ignored="0" total="3" passed="3" failed="0" skipped="0">
  <reporter-output>
  </reporter-output>
  <suite started-at="2024-02-02T22:21:57 IST" name="Default suite" finished-at="2024-02-02T22:21:58 IST" duration-ms="1844">
    <groups>
    </groups>
    <test started-at="2024-02-02T22:21:57 IST" name="Default test" finished-at="2024-02-02T22:21:58 IST" duration-ms="1844">
      <class name="Test.SeleniumTest">
        <test-method is-config="true" signature="setUp()[pri:0, instance:Test.SeleniumTest@2d29b4ee]" started-at="2024-02-02T22:21:49 IST" name="setUp" finished-at="2024-02-02T22:21:57 IST" duration-ms="7215" status="PASS">
          <reporter-output>
          </reporter-output>
        </test-method> <!-- setUp -->
        <test-method signature="ValidateTitles()[pri:0, instance:Test.SeleniumTest@2d29b4ee]" started-at="2024-02-02T22:21:57 IST" name="ValidateTitles" finished-at="2024-02-02T22:21:58 IST" duration-ms="950" status="PASS">
          <reporter-output>
          </reporter-output>
        </test-method> <!-- ValidateTitles -->
        <test-method signature="validateFristFromalShoe()[pri:0, instance:Test.SeleniumTest@2d29b4ee]" started-at="2024-02-02T22:21:58 IST" name="validateFristFromalShoe" finished-at="2024-02-02T22:21:58 IST" duration-ms="414" status="PASS">
          <reporter-output>
          </reporter-output>
        </test-method> <!-- validateFristFromalShoe -->
        <test-method signature="validateFristSportsShoe()[pri:0, instance:Test.SeleniumTest@2d29b4ee]" started-at="2024-02-02T22:21:58 IST" name="validateFristSportsShoe" finished-at="2024-02-02T22:21:58 IST" duration-ms="366" status="PASS">
          <reporter-output>
          </reporter-output>
        </test-method> <!-- validateFristSportsShoe -->
        <test-method is-config="true" signature="cleanUp()[pri:0, instance:Test.SeleniumTest@2d29b4ee]" started-at="2024-02-02T22:21:59 IST" name="cleanUp" finished-at="2024-02-02T22:21:59 IST" duration-ms="436" status="PASS">
          <reporter-output>
          </reporter-output>
        </test-method> <!-- cleanUp -->
      </class> <!-- Test.SeleniumTest -->
    </test> <!-- Default test -->
  </suite> <!-- Default suite -->
</testng-results>
